watching /Users/march/jobs/Server2/src/bms ...
watching /Users/march/jobs/Server2/src/bms/conf ...
watching /Users/march/jobs/Server2/src/bms/controllers ...
watching /Users/march/jobs/Server2/src/status ...
watching /Users/march/jobs/Server2/src/status/conf ...
watching /Users/march/jobs/Server2/src/status/controllers ...
watching /Users/march/jobs/Server2/src/www ...
watching /Users/march/jobs/Server2/src/auth ...
watching /Users/march/jobs/Server2/src/auth/conf ...
watching /Users/march/jobs/Server2/src/aiysea ...
watching /Users/march/jobs/Server2/src/aiysea/static ...
watching /Users/march/jobs/Server2/src/www/.sass-cache ...
watching /Users/march/jobs/Server2/src/auth/controllers ...
watching /Users/march/jobs/Server2/src/bms/json ...
watching /Users/march/jobs/Server2/src/bms/models ...
watching /Users/march/jobs/Server2/src/auth/controllers/tratao ...
watching /Users/march/jobs/Server2/src/aiysea/.sass-cache ...
watching /Users/march/jobs/Server2/src/aiysea/static/assets ...
watching /Users/march/jobs/Server2/src/status/models ...
watching /Users/march/jobs/Server2/src/status/routers ...
watching /Users/march/jobs/Server2/src/status/static ...
watching /Users/march/jobs/Server2/src/status/static/css ...
watching /Users/march/jobs/Server2/src/www/.sass-cache/120e7f19478df87d757ad54dd773e4716f26e513 ...
watching /Users/march/jobs/Server2/src/auth/models ...
watching /Users/march/jobs/Server2/src/auth/routers ...
watching /Users/march/jobs/Server2/src/aiysea/.sass-cache/18c62bce2cd358e19d3e84e78607f3483d087e26 ...
watching /Users/march/jobs/Server2/src/aiysea/.sass-cache/4a2e504cbbc44934b592c0bf66c6fe8701d69601 ...
watching /Users/march/jobs/Server2/src/aiysea/.sass-cache/6acf16f9233d3faff4d39240a1726d822744aa65 ...
watching /Users/march/jobs/Server2/src/aiysea/.sass-cache/6c18f89082f57bfa1ec7531a705a5c63214a195e ...
watching /Users/march/jobs/Server2/src/aiysea/.sass-cache/6d6029c0d74c4a8c5e74af4b64d9caec9d7e2a41 ...
watching /Users/march/jobs/Server2/src/aiysea/.sass-cache/6df777ee3b65b7516d0ac997dcd3c1fd4e01d050 ...
watching /Users/march/jobs/Server2/src/aiysea/.sass-cache/8281bff1fd49a62d17f9fc0f5384bc73bd7b7541 ...
watching /Users/march/jobs/Server2/src/aiysea/.sass-cache/8c788c8b1d8fa906da36196695c6206e2aef9fe6 ...
watching /Users/march/jobs/Server2/src/aiysea/.sass-cache/af1289ca7f010b3d69f8884f2e2c729a035d2186 ...
watching /Users/march/jobs/Server2/src/aiysea/.sass-cache/b2de5693079e457055fe1af2fef2b6eff042f5a0 ...
watching /Users/march/jobs/Server2/src/aiysea/.sass-cache/d95109fe84498e9cd0de53a687963fe13f21e5d0 ...
watching /Users/march/jobs/Server2/src/aiysea/conf ...
watching /Users/march/jobs/Server2/src/aiysea/controllers ...
watching /Users/march/jobs/Server2/src/aiysea/controllers/customer ...
watching /Users/march/jobs/Server2/src/aiysea/models ...
watching /Users/march/jobs/Server2/src/aiysea/models/alipay ...
watching /Users/march/jobs/Server2/src/aiysea/routers ...
watching /Users/march/jobs/Server2/src/aiysea/static ...
watching /Users/march/jobs/Server2/src/aiysea/static/assets ...
watching /Users/march/jobs/Server2/src/aiysea/static/assets/img ...
watching /Users/march/jobs/Server2/src/aiysea/static/bower_components ...
watching /Users/march/jobs/Server2/src/aiysea/static/bower_components/angular ...
watching /Users/march/jobs/Server2/src/aiysea/static/bower_components/angular-animate ...
watching /Users/march/jobs/Server2/src/aiysea/static/bower_components/angular-bootstrap ...
watching /Users/march/jobs/Server2/src/aiysea/static/bower_components/angular-flexslider ...
watching /Users/march/jobs/Server2/src/aiysea/static/bower_components/angular-scroll ...
watching /Users/march/jobs/Server2/src/aiysea/static/bower_components/angular-scroll/example ...
watching /Users/march/jobs/Server2/src/aiysea/static/bower_components/angular-touch ...
watching /Users/march/jobs/Server2/src/aiysea/static/bower_components/bootstrap ...
watching /Users/march/jobs/Server2/src/aiysea/static/bower_components/bootstrap/dist ...
watching /Users/march/jobs/Server2/src/aiysea/static/bower_components/bootstrap/dist/css ...
watching /Users/march/jobs/Server2/src/aiysea/static/bower_components/bootstrap/dist/fonts ...
watching /Users/march/jobs/Server2/src/aiysea/static/bower_components/bootstrap/dist/js ...
watching /Users/march/jobs/Server2/src/aiysea/static/bower_components/bootstrap/fonts ...
watching /Users/march/jobs/Server2/src/aiysea/static/bower_components/bootstrap/grunt ...
watching /Users/march/jobs/Server2/src/aiysea/static/bower_components/bootstrap/js ...
watching /Users/march/jobs/Server2/src/aiysea/static/bower_components/bootstrap/less ...
watching /Users/march/jobs/Server2/src/aiysea/static/bower_components/bootstrap/test-infra ...
watching /Users/march/jobs/Server2/src/aiysea/static/bower_components/flexslider ...
watching /Users/march/jobs/Server2/src/aiysea/static/bower_components/flexslider/fonts ...
watching /Users/march/jobs/Server2/src/aiysea/static/bower_components/flexslider/images ...
watching /Users/march/jobs/Server2/src/aiysea/static/bower_components/jquery ...
watching /Users/march/jobs/Server2/src/aiysea/static/bower_components/jquery/build ...
watching /Users/march/jobs/Server2/src/aiysea/static/bower_components/jquery/speed ...
watching /Users/march/jobs/Server2/src/aiysea/static/bower_components/jquery/src ...
watching /Users/march/jobs/Server2/src/aiysea/static/bower_components/jquery/src/ajax ...
watching /Users/march/jobs/Server2/src/aiysea/static/bower_components/jquery-ui ...
watching /Users/march/jobs/Server2/src/aiysea/static/bower_components/jquery-ui/themes ...
watching /Users/march/jobs/Server2/src/aiysea/static/bower_components/jquery-ui/themes/base ...
watching /Users/march/jobs/Server2/src/aiysea/static/bower_components/jquery-ui/themes/base/images ...
watching /Users/march/jobs/Server2/src/aiysea/static/bower_components/jquery-ui/themes/black-tie ...
watching /Users/march/jobs/Server2/src/aiysea/static/bower_components/jquery-ui/themes/black-tie/images ...
watching /Users/march/jobs/Server2/src/aiysea/static/bower_components/jquery-ui/themes/blitzer ...
watching /Users/march/jobs/Server2/src/aiysea/static/bower_components/jquery-ui/themes/blitzer/images ...
watching /Users/march/jobs/Server2/src/aiysea/static/bower_components/jquery-ui/themes/cupertino ...
watching /Users/march/jobs/Server2/src/aiysea/static/bower_components/jquery-ui/themes/cupertino/images ...
watching /Users/march/jobs/Server2/src/aiysea/static/bower_components/jquery-ui/themes/dark-hive ...
watching /Users/march/jobs/Server2/src/aiysea/static/bower_components/jquery-ui/themes/dark-hive/images ...
watching /Users/march/jobs/Server2/src/aiysea/static/bower_components/jquery-ui/themes/dot-luv ...
watching /Users/march/jobs/Server2/src/aiysea/static/bower_components/jquery-ui/themes/dot-luv/images ...
watching /Users/march/jobs/Server2/src/aiysea/static/bower_components/jquery-ui/themes/eggplant ...
watching /Users/march/jobs/Server2/src/aiysea/static/bower_components/jquery-ui/themes/eggplant/images ...
watching /Users/march/jobs/Server2/src/aiysea/static/bower_components/jquery-ui/themes/excite-bike ...
watching /Users/march/jobs/Server2/src/aiysea/static/bower_components/jquery-ui/themes/excite-bike/images ...
watching /Users/march/jobs/Server2/src/aiysea/static/bower_components/jquery-ui/themes/flick ...
watching /Users/march/jobs/Server2/src/aiysea/static/bower_components/jquery-ui/themes/flick/images ...
watching /Users/march/jobs/Server2/src/aiysea/static/bower_components/jquery-ui/themes/hot-sneaks ...
watching /Users/march/jobs/Server2/src/aiysea/static/bower_components/jquery-ui/themes/hot-sneaks/images ...
watching /Users/march/jobs/Server2/src/aiysea/static/bower_components/jquery-ui/themes/humanity ...
watching /Users/march/jobs/Server2/src/aiysea/static/bower_components/jquery-ui/themes/humanity/images ...
watching /Users/march/jobs/Server2/src/aiysea/static/bower_components/jquery-ui/themes/le-frog ...
watching /Users/march/jobs/Server2/src/aiysea/static/bower_components/jquery-ui/themes/le-frog/images ...
watching /Users/march/jobs/Server2/src/aiysea/static/bower_components/jquery-ui/themes/mint-choc ...
watching /Users/march/jobs/Server2/src/aiysea/static/bower_components/jquery-ui/themes/mint-choc/images ...
watching /Users/march/jobs/Server2/src/aiysea/static/bower_components/jquery-ui/themes/overcast ...
watching /Users/march/jobs/Server2/src/aiysea/static/bower_components/jquery-ui/themes/overcast/images ...
watching /Users/march/jobs/Server2/src/aiysea/static/bower_components/jquery-ui/themes/pepper-grinder ...
watching /Users/march/jobs/Server2/src/bms/models/aiysea ...
watching /Users/march/jobs/Server2/src/bms/models/order ...
watching /Users/march/jobs/Server2/src/bms/models/pricing ...
watching /Users/march/jobs/Server2/src/bms/routers ...
watching /Users/march/jobs/Server2/src/bms/static ...
watching /Users/march/jobs/Server2/src/bms/static/bower_components ...
watching /Users/march/jobs/Server2/src/bms/static/bower_components/Leaflet.draw ...
watching /Users/march/jobs/Server2/src/bms/static/bower_components/Leaflet.draw/build ...
watching /Users/march/jobs/Server2/src/bms/static/bower_components/Leaflet.draw/dist ...
watching /Users/march/jobs/Server2/src/bms/static/bower_components/Leaflet.draw/dist/images ...
watching /Users/march/jobs/Server2/src/bms/static/bower_components/angular ...
watching /Users/march/jobs/Server2/src/bms/static/bower_components/angular-bootstrap ...
watching /Users/march/jobs/Server2/src/bms/static/bower_components/blueimp-canvas-to-blob ...
watching /Users/march/jobs/Server2/src/bms/static/bower_components/blueimp-canvas-to-blob/js ...
watching /Users/march/jobs/Server2/src/bms/static/bower_components/blueimp-file-upload ...
watching /Users/march/jobs/Server2/src/bms/static/bower_components/blueimp-file-upload/css ...
watching /Users/march/jobs/Server2/src/bms/static/bower_components/blueimp-file-upload/img ...
watching /Users/march/jobs/Server2/src/bms/static/bower_components/blueimp-file-upload/js ...
watching /Users/march/jobs/Server2/src/bms/static/bower_components/blueimp-file-upload/js/cors ...
watching /Users/march/jobs/Server2/src/bms/static/bower_components/blueimp-file-upload/js/vendor ...
watching /Users/march/jobs/Server2/src/bms/static/bower_components/blueimp-load-image ...
watching /Users/march/jobs/Server2/src/bms/static/bower_components/blueimp-load-image/js ...
watching /Users/march/jobs/Server2/src/bms/static/bower_components/blueimp-tmpl ...
watching /Users/march/jobs/Server2/src/bms/static/bower_components/blueimp-tmpl/js ...
watching /Users/march/jobs/Server2/src/bms/static/bower_components/bootstrap ...
watching /Users/march/jobs/Server2/src/bms/static/bower_components/bootstrap/dist ...
watching /Users/march/jobs/Server2/src/bms/static/bower_components/bootstrap/dist/css ...
watching /Users/march/jobs/Server2/src/bms/static/bower_components/bootstrap/dist/fonts ...
watching /Users/march/jobs/Server2/src/bms/static/bower_components/bootstrap/dist/js ...
watching /Users/march/jobs/Server2/src/bms/static/bower_components/bootstrap/fonts ...
watching /Users/march/jobs/Server2/src/bms/static/bower_components/bootstrap/grunt ...
watching /Users/march/jobs/Server2/src/bms/static/bower_components/bootstrap/js ...
watching /Users/march/jobs/Server2/src/bms/static/bower_components/bootstrap/less ...
watching /Users/march/jobs/Server2/src/bms/static/bower_components/bootstrap/test-infra ...
watching /Users/march/jobs/Server2/src/bms/static/bower_components/google-code-prettify ...
watching /Users/march/jobs/Server2/src/bms/static/bower_components/google-code-prettify/src ...
watching /Users/march/jobs/Server2/src/bms/static/bower_components/google-code-prettify/styles ...
watching /Users/march/jobs/Server2/src/bms/static/bower_components/googlemaps-amd ...
watching /Users/march/jobs/Server2/src/bms/static/bower_components/googlemaps-amd/src ...
watching /Users/march/jobs/Server2/src/bms/static/bower_components/jcrop ...
watching /Users/march/jobs/Server2/src/bms/static/bower_components/jcrop/css ...
watching /Users/march/jobs/Server2/src/bms/static/bower_components/jcrop/js ...
watching /Users/march/jobs/Server2/src/bms/static/bower_components/jquery ...
watching /Users/march/jobs/Server2/src/bms/static/bower_components/jquery/dist ...
watching /Users/march/jobs/Server2/src/bms/static/bower_components/jquery/src ...
watching /Users/march/jobs/Server2/src/bms/static/bower_components/jquery/src/ajax ...
watching /Users/march/jobs/Server2/src/bms/static/bower_components/jquery/src/ajax/var ...
watching /Users/march/jobs/Server2/src/bms/static/bower_components/jquery/src/attributes ...
watching /Users/march/jobs/Server2/src/bms/static/bower_components/jquery/src/core ...
watching /Users/march/jobs/Server2/src/bms/static/bower_components/jquery/src/core/var ...
watching /Users/march/jobs/Server2/src/aiysea/static/assets/img ...
watching /Users/march/jobs/Server2/src/aiysea/static/bower_components ...
watching /Users/march/jobs/Server2/src/aiysea/static/bower_components/angular ...
watching /Users/march/jobs/Server2/src/aiysea/static/bower_components/angular-animate ...
watching /Users/march/jobs/Server2/src/aiysea/static/bower_components/angular-bootstrap ...
watching /Users/march/jobs/Server2/src/aiysea/static/bower_components/angular-flexslider ...
watching /Users/march/jobs/Server2/src/aiysea/static/bower_components/angular-scroll ...
watching /Users/march/jobs/Server2/src/aiysea/static/bower_components/angular-scroll/example ...
watching /Users/march/jobs/Server2/src/aiysea/static/bower_components/angular-touch ...
watching /Users/march/jobs/Server2/src/aiysea/static/bower_components/bootstrap ...
watching /Users/march/jobs/Server2/src/aiysea/static/bower_components/bootstrap/dist ...
watching /Users/march/jobs/Server2/src/aiysea/static/bower_components/bootstrap/dist/css ...
watching /Users/march/jobs/Server2/src/aiysea/static/bower_components/bootstrap/dist/fonts ...
watching /Users/march/jobs/Server2/src/aiysea/static/bower_components/bootstrap/dist/js ...
watching /Users/march/jobs/Server2/src/aiysea/static/bower_components/bootstrap/fonts ...
watching /Users/march/jobs/Server2/src/aiysea/static/bower_components/bootstrap/grunt ...
watching /Users/march/jobs/Server2/src/aiysea/static/bower_components/bootstrap/js ...
watching /Users/march/jobs/Server2/src/aiysea/static/bower_components/bootstrap/less ...
watching /Users/march/jobs/Server2/src/aiysea/static/bower_components/bootstrap/test-infra ...
watching /Users/march/jobs/Server2/src/aiysea/static/bower_components/flexslider ...
watching /Users/march/jobs/Server2/src/aiysea/static/bower_components/flexslider/fonts ...
watching /Users/march/jobs/Server2/src/aiysea/static/bower_components/flexslider/images ...
watching /Users/march/jobs/Server2/src/aiysea/static/bower_components/jquery ...
watching /Users/march/jobs/Server2/src/aiysea/static/bower_components/jquery/build ...
watching /Users/march/jobs/Server2/src/aiysea/static/bower_components/jquery/speed ...
watching /Users/march/jobs/Server2/src/aiysea/static/bower_components/jquery/src ...
watching /Users/march/jobs/Server2/src/aiysea/static/bower_components/jquery/src/ajax ...
watching /Users/march/jobs/Server2/src/aiysea/static/bower_components/jquery-ui ...
watching /Users/march/jobs/Server2/src/aiysea/static/bower_components/jquery-ui/themes ...
watching /Users/march/jobs/Server2/src/aiysea/static/bower_components/jquery-ui/themes/base ...
watching /Users/march/jobs/Server2/src/aiysea/static/bower_components/jquery-ui/themes/base/images ...
watching /Users/march/jobs/Server2/src/aiysea/static/bower_components/jquery-ui/themes/black-tie ...
watching /Users/march/jobs/Server2/src/aiysea/static/bower_components/jquery-ui/themes/black-tie/images ...
watching /Users/march/jobs/Server2/src/aiysea/static/bower_components/jquery-ui/themes/blitzer ...
watching /Users/march/jobs/Server2/src/aiysea/static/bower_components/jquery-ui/themes/blitzer/images ...
watching /Users/march/jobs/Server2/src/aiysea/static/bower_components/jquery-ui/themes/cupertino ...
watching /Users/march/jobs/Server2/src/aiysea/static/bower_components/jquery-ui/themes/cupertino/images ...
watching /Users/march/jobs/Server2/src/aiysea/static/bower_components/jquery-ui/themes/dark-hive ...
watching /Users/march/jobs/Server2/src/aiysea/static/bower_components/jquery-ui/themes/dark-hive/images ...
watching /Users/march/jobs/Server2/src/aiysea/static/bower_components/jquery-ui/themes/dot-luv ...
watching /Users/march/jobs/Server2/src/aiysea/static/bower_components/jquery-ui/themes/dot-luv/images ...
watching /Users/march/jobs/Server2/src/aiysea/static/bower_components/jquery-ui/themes/eggplant ...
watching /Users/march/jobs/Server2/src/status/static/img ...
watching /Users/march/jobs/Server2/src/status/static/js ...
watching /Users/march/jobs/Server2/src/status/tests ...
watching /Users/march/jobs/Server2/src/status/views ...
watching /Users/march/jobs/Server2/src/www/.sass-cache/4c66a810c30ed5ddcfbb29af2625a156796016ca ...
watching /Users/march/jobs/Server2/src/www/.sass-cache/6be6476bba006d7b2aa32add3074cd79da5beaef ...
watching /Users/march/jobs/Server2/src/www/.sass-cache/c3d78e6e58e1f792879f92139243f6796662b721 ...
watching /Users/march/jobs/Server2/src/auth/static ...
watching /Users/march/jobs/Server2/src/auth/static/bower_components ...
watching /Users/march/jobs/Server2/src/auth/static/bower_components/angular ...
watching /Users/march/jobs/Server2/src/auth/static/bower_components/bootstrap ...
watching /Users/march/jobs/Server2/src/auth/static/bower_components/bootstrap/dist ...
watching /Users/march/jobs/Server2/src/auth/static/bower_components/bootstrap/dist/css ...
watching /Users/march/jobs/Server2/src/auth/static/bower_components/bootstrap/dist/fonts ...
watching /Users/march/jobs/Server2/src/auth/static/bower_components/bootstrap/dist/js ...
watching /Users/march/jobs/Server2/src/auth/static/bower_components/bootstrap/fonts ...
watching /Users/march/jobs/Server2/src/auth/static/bower_components/bootstrap/grunt ...
watching /Users/march/jobs/Server2/src/auth/static/bower_components/bootstrap/js ...
watching /Users/march/jobs/Server2/src/auth/static/bower_components/bootstrap/less ...
watching /Users/march/jobs/Server2/src/auth/static/bower_components/bootstrap/test-infra ...
watching /Users/march/jobs/Server2/src/auth/static/bower_components/jquery ...
watching /Users/march/jobs/Server2/src/auth/static/bower_components/jquery/dist ...
watching /Users/march/jobs/Server2/src/auth/static/bower_components/jquery/src ...
watching /Users/march/jobs/Server2/src/auth/static/bower_components/jquery/src/ajax ...
watching /Users/march/jobs/Server2/src/auth/static/bower_components/jquery/src/ajax/var ...
watching /Users/march/jobs/Server2/src/auth/static/bower_components/jquery/src/attributes ...
watching /Users/march/jobs/Server2/src/auth/static/bower_components/jquery/src/core ...
watching /Users/march/jobs/Server2/src/auth/static/bower_components/jquery/src/core/var ...
watching /Users/march/jobs/Server2/src/auth/static/bower_components/jquery/src/css ...
watching /Users/march/jobs/Server2/src/auth/static/bower_components/jquery/src/css/var ...
watching /Users/march/jobs/Server2/src/auth/static/bower_components/jquery/src/data ...
watching /Users/march/jobs/Server2/src/auth/static/bower_components/jquery/src/data/var ...
watching /Users/march/jobs/Server2/src/auth/static/bower_components/jquery/src/effects ...
watching /Users/march/jobs/Server2/src/auth/static/bower_components/jquery/src/event ...
watching /Users/march/jobs/Server2/src/auth/static/bower_components/jquery/src/exports ...
watching /Users/march/jobs/Server2/src/auth/static/bower_components/jquery/src/manipulation ...
watching /Users/march/jobs/Server2/src/auth/static/bower_components/jquery/src/manipulation/var ...
watching /Users/march/jobs/Server2/src/auth/static/bower_components/jquery/src/queue ...
watching /Users/march/jobs/Server2/src/auth/static/bower_components/jquery/src/sizzle ...
watching /Users/march/jobs/Server2/src/auth/static/bower_components/jquery/src/sizzle/dist ...
watching /Users/march/jobs/Server2/src/auth/static/bower_components/jquery/src/traversing ...
watching /Users/march/jobs/Server2/src/auth/static/bower_components/jquery/src/traversing/var ...
watching /Users/march/jobs/Server2/src/auth/static/bower_components/jquery/src/var ...
watching /Users/march/jobs/Server2/src/auth/static/bower_components/requirejs ...
watching /Users/march/jobs/Server2/src/auth/static/bower_components/requirejs-domready ...
watching /Users/march/jobs/Server2/src/auth/static/css ...
watching /Users/march/jobs/Server2/src/auth/static/css/bootstrap ...
watching /Users/march/jobs/Server2/src/auth/static/images ...
watching /Users/march/jobs/Server2/src/auth/static/js ...
watching /Users/march/jobs/Server2/src/auth/static/js/bootstrap ...
watching /Users/march/jobs/Server2/src/auth/static/js/jquery ...
watching /Users/march/jobs/Server2/src/auth/tests ...
watching /Users/march/jobs/Server2/src/auth/views ...
watching /Users/march/jobs/Server2/src/auth/views/admin ...
watching /Users/march/jobs/Server2/src/auth/views/settings ...
watching /Users/march/jobs/Server2/src/auth/views/user ...
watching /Users/march/jobs/Server2/src/aiysea/static/bower_components/jquery-ui/themes/pepper-grinder/images ...
watching /Users/march/jobs/Server2/src/aiysea/static/bower_components/jquery-ui/themes/redmond ...
watching /Users/march/jobs/Server2/src/aiysea/static/bower_components/jquery-ui/themes/redmond/images ...
watching /Users/march/jobs/Server2/src/aiysea/static/bower_components/jquery-ui/themes/smoothness ...
watching /Users/march/jobs/Server2/src/aiysea/static/bower_components/jquery-ui/themes/smoothness/images ...
watching /Users/march/jobs/Server2/src/aiysea/static/bower_components/jquery-ui/themes/south-street ...
watching /Users/march/jobs/Server2/src/aiysea/static/bower_components/jquery-ui/themes/south-street/images ...
watching /Users/march/jobs/Server2/src/aiysea/static/bower_components/jquery-ui/themes/start ...
watching /Users/march/jobs/Server2/src/aiysea/static/bower_components/jquery-ui/themes/start/images ...
watching /Users/march/jobs/Server2/src/aiysea/static/bower_components/jquery-ui/themes/sunny ...
watching /Users/march/jobs/Server2/src/aiysea/static/bower_components/jquery-ui/themes/sunny/images ...
watching /Users/march/jobs/Server2/src/aiysea/static/bower_components/jquery-ui/themes/swanky-purse ...
watching /Users/march/jobs/Server2/src/aiysea/static/bower_components/jquery-ui/themes/swanky-purse/images ...
watching /Users/march/jobs/Server2/src/aiysea/static/bower_components/jquery-ui/themes/trontastic ...
watching /Users/march/jobs/Server2/src/aiysea/static/bower_components/jquery-ui/themes/trontastic/images ...
watching /Users/march/jobs/Server2/src/aiysea/static/bower_components/jquery-ui/themes/ui-darkness ...
watching /Users/march/jobs/Server2/src/aiysea/static/bower_components/jquery-ui/themes/ui-darkness/images ...
watching /Users/march/jobs/Server2/src/aiysea/static/bower_components/jquery-ui/themes/ui-lightness ...
watching /Users/march/jobs/Server2/src/aiysea/static/bower_components/jquery-ui/themes/ui-lightness/images ...
watching /Users/march/jobs/Server2/src/aiysea/static/bower_components/jquery-ui/themes/vader ...
watching /Users/march/jobs/Server2/src/aiysea/static/bower_components/jquery-ui/themes/vader/images ...
watching /Users/march/jobs/Server2/src/aiysea/static/bower_components/jquery-ui/ui ...
watching /Users/march/jobs/Server2/src/aiysea/static/bower_components/jquery-ui/ui/i18n ...
watching /Users/march/jobs/Server2/src/aiysea/static/bower_components/jquery-ui/ui/minified ...
watching /Users/march/jobs/Server2/src/aiysea/static/bower_components/jquery-ui/ui/minified/i18n ...
watching /Users/march/jobs/Server2/src/aiysea/static/bower_components/picturefill ...
watching /Users/march/jobs/Server2/src/aiysea/static/bower_components/picturefill/dist ...
watching /Users/march/jobs/Server2/src/aiysea/static/bower_components/picturefill/src ...
watching /Users/march/jobs/Server2/src/aiysea/static/bower_components/picturefill/src/external ...
watching /Users/march/jobs/Server2/src/aiysea/static/bower_components/requirejs ...
watching /Users/march/jobs/Server2/src/aiysea/static/bower_components/requirejs-domready ...
watching /Users/march/jobs/Server2/src/aiysea/static/css ...
watching /Users/march/jobs/Server2/src/aiysea/static/ieindex ...
watching /Users/march/jobs/Server2/src/aiysea/static/images ...
watching /Users/march/jobs/Server2/src/aiysea/static/js ...
watching /Users/march/jobs/Server2/src/aiysea/static/js/settings ...
watching /Users/march/jobs/Server2/src/aiysea/static/json ...
watching /Users/march/jobs/Server2/src/aiysea/static/sass ...
watching /Users/march/jobs/Server2/src/aiysea/static/sass/components ...
watching /Users/march/jobs/Server2/src/aiysea/static/sass/components/_components ...
watching /Users/march/jobs/Server2/src/aiysea/static/sass/components/_values ...
watching /Users/march/jobs/Server2/src/aiysea/static/sass/partials ...
watching /Users/march/jobs/Server2/src/aiysea/static/sass/partials/layout ...
watching /Users/march/jobs/Server2/src/aiysea/static/segments ...
watching /Users/march/jobs/Server2/src/aiysea/static/segments/doc ...
watching /Users/march/jobs/Server2/src/aiysea/static/segments/index ...
watching /Users/march/jobs/Server2/src/aiysea/static/segments/layout ...
watching /Users/march/jobs/Server2/src/aiysea/static/segments/resort ...
watching /Users/march/jobs/Server2/src/aiysea/static/segments/resort/toptitle ...
watching /Users/march/jobs/Server2/src/aiysea/static/segments/settings ...
watching /Users/march/jobs/Server2/src/aiysea/static/segments/settings/layout ...
watching /Users/march/jobs/Server2/src/aiysea/static/segments/settings/order ...
watching /Users/march/jobs/Server2/src/aiysea/static/segments/settings/order/tips ...
watching /Users/march/jobs/Server2/src/aiysea/static/tratao_webcomponents ...
watching /Users/march/jobs/Server2/src/aiysea/static/tratao_webcomponents/css ...
watching /Users/march/jobs/Server2/src/aiysea/static/tratao_webcomponents/css/backtotop ...
watching /Users/march/jobs/Server2/src/aiysea/static/tratao_webcomponents/css/idinput ...
watching /Users/march/jobs/Server2/src/aiysea/static/tratao_webcomponents/css/select ...
watching /Users/march/jobs/Server2/src/aiysea/static/tratao_webcomponents/src ...
watching /Users/march/jobs/Server2/src/aiysea/static/tratao_webcomponents/src/backtotop ...
watching /Users/march/jobs/Server2/src/aiysea/static/tratao_webcomponents/src/dateselect ...
watching /Users/march/jobs/Server2/src/aiysea/static/tratao_webcomponents/src/idinput ...
watching /Users/march/jobs/Server2/src/aiysea/static/tratao_webcomponents/src/jquerydatepicker ...
watching /Users/march/jobs/Server2/src/aiysea/static/tratao_webcomponents/src/picture ...
watching /Users/march/jobs/Server2/src/aiysea/static/tratao_webcomponents/src/provincepicker ...
watching /Users/march/jobs/Server2/src/aiysea/static/tratao_webcomponents/template ...
watching /Users/march/jobs/Server2/src/aiysea/static/tratao_webcomponents/template/backtotop ...
watching /Users/march/jobs/Server2/src/aiysea/static/tratao_webcomponents/template/dateselect ...
watching /Users/march/jobs/Server2/src/aiysea/static/tratao_webcomponents/template/idinput ...
watching /Users/march/jobs/Server2/src/aiysea/static/tratao_webcomponents/template/provincepicker ...
watching /Users/march/jobs/Server2/src/aiysea/svg ...
watching /Users/march/jobs/Server2/src/aiysea/views ...
watching /Users/march/jobs/Server2/src/aiysea/views/callback ...
watching /Users/march/jobs/Server2/src/aiysea/views/email ...
watching /Users/march/jobs/Server2/src/aiysea/views/invalidate ...
watching /Users/march/jobs/Server2/src/aiysea/views/settings ...
watching /Users/march/jobs/Server2/src/aiysea/views/settings/order ...
watching /Users/march/jobs/Server2/src/bms/static/bower_components/jquery/src/css ...
watching /Users/march/jobs/Server2/src/bms/static/bower_components/jquery/src/css/var ...
watching /Users/march/jobs/Server2/src/bms/static/bower_components/jquery/src/data ...
watching /Users/march/jobs/Server2/src/bms/static/bower_components/jquery/src/data/var ...
watching /Users/march/jobs/Server2/src/bms/static/bower_components/jquery/src/effects ...
watching /Users/march/jobs/Server2/src/bms/static/bower_components/jquery/src/event ...
watching /Users/march/jobs/Server2/src/bms/static/bower_components/jquery/src/exports ...
watching /Users/march/jobs/Server2/src/bms/static/bower_components/jquery/src/manipulation ...
watching /Users/march/jobs/Server2/src/bms/static/bower_components/jquery/src/manipulation/var ...
watching /Users/march/jobs/Server2/src/bms/static/bower_components/jquery/src/queue ...
watching /Users/march/jobs/Server2/src/bms/static/bower_components/jquery/src/sizzle ...
watching /Users/march/jobs/Server2/src/bms/static/bower_components/jquery/src/sizzle/dist ...
watching /Users/march/jobs/Server2/src/bms/static/bower_components/jquery/src/traversing ...
watching /Users/march/jobs/Server2/src/bms/static/bower_components/jquery/src/traversing/var ...
watching /Users/march/jobs/Server2/src/bms/static/bower_components/jquery/src/var ...
watching /Users/march/jobs/Server2/src/bms/static/bower_components/jquery-ui ...
watching /Users/march/jobs/Server2/src/bms/static/bower_components/jquery-ui/themes ...
watching /Users/march/jobs/Server2/src/bms/static/bower_components/jquery-ui/themes/base ...
watching /Users/march/jobs/Server2/src/bms/static/bower_components/jquery-ui/themes/base/images ...
watching /Users/march/jobs/Server2/src/bms/static/bower_components/jquery-ui/themes/black-tie ...
watching /Users/march/jobs/Server2/src/bms/static/bower_components/jquery-ui/themes/black-tie/images ...
watching /Users/march/jobs/Server2/src/bms/static/bower_components/jquery-ui/themes/blitzer ...
watching /Users/march/jobs/Server2/src/bms/static/bower_components/jquery-ui/themes/blitzer/images ...
watching /Users/march/jobs/Server2/src/bms/static/bower_components/jquery-ui/themes/cupertino ...
watching /Users/march/jobs/Server2/src/bms/static/bower_components/jquery-ui/themes/cupertino/images ...
watching /Users/march/jobs/Server2/src/aiysea/static/bower_components/jquery-ui/themes/eggplant/images ...
watching /Users/march/jobs/Server2/src/bms/static/bower_components/jquery-ui/themes/dark-hive ...
watching /Users/march/jobs/Server2/src/aiysea/static/bower_components/jquery-ui/themes/excite-bike ...
watching /Users/march/jobs/Server2/src/aiysea/static/bower_components/jquery-ui/themes/excite-bike/images ...
watching /Users/march/jobs/Server2/src/aiysea/static/bower_components/jquery-ui/themes/flick ...
watching /Users/march/jobs/Server2/src/aiysea/static/bower_components/jquery-ui/themes/flick/images ...
watching /Users/march/jobs/Server2/src/bms/static/bower_components/jquery-ui/themes/dark-hive/images ...
watching /Users/march/jobs/Server2/src/aiysea/static/bower_components/jquery-ui/themes/hot-sneaks ...
watching /Users/march/jobs/Server2/src/bms/static/bower_components/jquery-ui/themes/dot-luv ...
watching /Users/march/jobs/Server2/src/aiysea/static/bower_components/jquery-ui/themes/hot-sneaks/images ...
watching /Users/march/jobs/Server2/src/bms/static/bower_components/jquery-ui/themes/dot-luv/images ...
watching /Users/march/jobs/Server2/src/aiysea/static/bower_components/jquery-ui/themes/humanity ...
watching /Users/march/jobs/Server2/src/bms/static/bower_components/jquery-ui/themes/eggplant ...
watching /Users/march/jobs/Server2/src/bms/static/bower_components/jquery-ui/themes/eggplant/images ...
watching /Users/march/jobs/Server2/src/bms/static/bower_components/jquery-ui/themes/excite-bike ...
watching /Users/march/jobs/Server2/src/bms/static/bower_components/jquery-ui/themes/excite-bike/images ...
watching /Users/march/jobs/Server2/src/bms/static/bower_components/jquery-ui/themes/flick ...
watching /Users/march/jobs/Server2/src/bms/static/bower_components/jquery-ui/themes/flick/images ...
watching /Users/march/jobs/Server2/src/bms/static/bower_components/jquery-ui/themes/hot-sneaks ...
watching /Users/march/jobs/Server2/src/bms/static/bower_components/jquery-ui/themes/hot-sneaks/images ...
watching /Users/march/jobs/Server2/src/bms/static/bower_components/jquery-ui/themes/humanity ...
watching /Users/march/jobs/Server2/src/aiysea/static/bower_components/jquery-ui/themes/humanity/images ...
watching /Users/march/jobs/Server2/src/bms/static/bower_components/jquery-ui/themes/humanity/images ...
watching /Users/march/jobs/Server2/src/aiysea/static/bower_components/jquery-ui/themes/le-frog ...
watching /Users/march/jobs/Server2/src/aiysea/static/bower_components/jquery-ui/themes/le-frog/images ...
watching /Users/march/jobs/Server2/src/bms/static/bower_components/jquery-ui/themes/le-frog ...
watching /Users/march/jobs/Server2/src/bms/static/bower_components/jquery-ui/themes/le-frog/images ...
watching /Users/march/jobs/Server2/src/aiysea/static/bower_components/jquery-ui/themes/mint-choc ...
watching /Users/march/jobs/Server2/src/aiysea/static/bower_components/jquery-ui/themes/mint-choc/images ...
watching /Users/march/jobs/Server2/src/bms/static/bower_components/jquery-ui/themes/mint-choc ...
watching /Users/march/jobs/Server2/src/bms/static/bower_components/jquery-ui/themes/mint-choc/images ...
watching /Users/march/jobs/Server2/src/bms/static/bower_components/jquery-ui/themes/overcast ...
watching /Users/march/jobs/Server2/src/bms/static/bower_components/jquery-ui/themes/overcast/images ...
watching /Users/march/jobs/Server2/src/bms/static/bower_components/jquery-ui/themes/pepper-grinder ...
watching /Users/march/jobs/Server2/src/bms/static/bower_components/jquery-ui/themes/pepper-grinder/images ...
watching /Users/march/jobs/Server2/src/bms/static/bower_components/jquery-ui/themes/redmond ...
watching /Users/march/jobs/Server2/src/bms/static/bower_components/jquery-ui/themes/redmond/images ...
watching /Users/march/jobs/Server2/src/bms/static/bower_components/jquery-ui/themes/smoothness ...
watching /Users/march/jobs/Server2/src/bms/static/bower_components/jquery-ui/themes/smoothness/images ...
watching /Users/march/jobs/Server2/src/bms/static/bower_components/jquery-ui/themes/south-street ...
watching /Users/march/jobs/Server2/src/bms/static/bower_components/jquery-ui/themes/south-street/images ...
watching /Users/march/jobs/Server2/src/bms/static/bower_components/jquery-ui/themes/start ...
watching /Users/march/jobs/Server2/src/bms/static/bower_components/jquery-ui/themes/start/images ...
watching /Users/march/jobs/Server2/src/bms/static/bower_components/jquery-ui/themes/sunny ...
watching /Users/march/jobs/Server2/src/bms/static/bower_components/jquery-ui/themes/sunny/images ...
watching /Users/march/jobs/Server2/src/bms/static/bower_components/jquery-ui/themes/swanky-purse ...
watching /Users/march/jobs/Server2/src/bms/static/bower_components/jquery-ui/themes/swanky-purse/images ...
watching /Users/march/jobs/Server2/src/bms/static/bower_components/jquery-ui/themes/trontastic ...
watching /Users/march/jobs/Server2/src/bms/static/bower_components/jquery-ui/themes/trontastic/images ...
watching /Users/march/jobs/Server2/src/bms/static/bower_components/jquery-ui/themes/ui-darkness ...
watching /Users/march/jobs/Server2/src/bms/static/bower_components/jquery-ui/themes/ui-darkness/images ...
watching /Users/march/jobs/Server2/src/bms/static/bower_components/jquery-ui/themes/ui-lightness ...
watching /Users/march/jobs/Server2/src/bms/static/bower_components/jquery-ui/themes/ui-lightness/images ...
watching /Users/march/jobs/Server2/src/bms/static/bower_components/jquery-ui/themes/vader ...
watching /Users/march/jobs/Server2/src/bms/static/bower_components/jquery-ui/themes/vader/images ...
watching /Users/march/jobs/Server2/src/bms/static/bower_components/jquery-ui/ui ...
watching /Users/march/jobs/Server2/src/bms/static/bower_components/jquery-ui/ui/i18n ...
watching /Users/march/jobs/Server2/src/bms/static/bower_components/jquery-ui/ui/minified ...
watching /Users/march/jobs/Server2/src/bms/static/bower_components/jquery-ui/ui/minified/i18n ...
watching /Users/march/jobs/Server2/src/aiysea/static/bower_components/jquery-ui/themes/overcast ...
watching /Users/march/jobs/Server2/src/aiysea/static/bower_components/jquery-ui/themes/overcast/images ...
watching /Users/march/jobs/Server2/src/aiysea/static/bower_components/jquery-ui/themes/pepper-grinder ...
watching /Users/march/jobs/Server2/src/aiysea/static/bower_components/jquery-ui/themes/pepper-grinder/images ...
watching /Users/march/jobs/Server2/src/aiysea/static/bower_components/jquery-ui/themes/redmond ...
watching /Users/march/jobs/Server2/src/aiysea/static/bower_components/jquery-ui/themes/redmond/images ...
watching /Users/march/jobs/Server2/src/aiysea/static/bower_components/jquery-ui/themes/smoothness ...
watching /Users/march/jobs/Server2/src/aiysea/static/bower_components/jquery-ui/themes/smoothness/images ...
watching /Users/march/jobs/Server2/src/aiysea/static/bower_components/jquery-ui/themes/south-street ...
watching /Users/march/jobs/Server2/src/aiysea/static/bower_components/jquery-ui/themes/south-street/images ...
watching /Users/march/jobs/Server2/src/aiysea/static/bower_components/jquery-ui/themes/start ...
watching /Users/march/jobs/Server2/src/aiysea/static/bower_components/jquery-ui/themes/start/images ...
watching /Users/march/jobs/Server2/src/aiysea/static/bower_components/jquery-ui/themes/sunny ...
watching /Users/march/jobs/Server2/src/aiysea/static/bower_components/jquery-ui/themes/sunny/images ...
watching /Users/march/jobs/Server2/src/aiysea/static/bower_components/jquery-ui/themes/swanky-purse ...
watching /Users/march/jobs/Server2/src/aiysea/static/bower_components/jquery-ui/themes/swanky-purse/images ...
watching /Users/march/jobs/Server2/src/aiysea/static/bower_components/jquery-ui/themes/trontastic ...
watching /Users/march/jobs/Server2/src/aiysea/static/bower_components/jquery-ui/themes/trontastic/images ...
watching /Users/march/jobs/Server2/src/aiysea/static/bower_components/jquery-ui/themes/ui-darkness ...
watching /Users/march/jobs/Server2/src/aiysea/static/bower_components/jquery-ui/themes/ui-darkness/images ...
watching /Users/march/jobs/Server2/src/aiysea/static/bower_components/jquery-ui/themes/ui-lightness ...
watching /Users/march/jobs/Server2/src/aiysea/static/bower_components/jquery-ui/themes/ui-lightness/images ...
watching /Users/march/jobs/Server2/src/aiysea/static/bower_components/jquery-ui/themes/vader ...
watching /Users/march/jobs/Server2/src/aiysea/static/bower_components/jquery-ui/themes/vader/images ...
watching /Users/march/jobs/Server2/src/aiysea/static/bower_components/jquery-ui/ui ...
watching /Users/march/jobs/Server2/src/aiysea/static/bower_components/jquery-ui/ui/i18n ...
watching /Users/march/jobs/Server2/src/aiysea/static/bower_components/jquery-ui/ui/minified ...
watching /Users/march/jobs/Server2/src/aiysea/static/bower_components/jquery-ui/ui/minified/i18n ...
watching /Users/march/jobs/Server2/src/aiysea/static/bower_components/picturefill ...
watching /Users/march/jobs/Server2/src/aiysea/static/bower_components/picturefill/dist ...
watching /Users/march/jobs/Server2/src/aiysea/static/bower_components/picturefill/src ...
watching /Users/march/jobs/Server2/src/aiysea/static/bower_components/picturefill/src/external ...
watching /Users/march/jobs/Server2/src/aiysea/static/bower_components/requirejs ...
watching /Users/march/jobs/Server2/src/aiysea/static/bower_components/requirejs-domready ...
watching /Users/march/jobs/Server2/src/bms/static/bower_components/leaflet-omnivore ...
watching /Users/march/jobs/Server2/src/bms/static/bower_components/mapbox ...
watching /Users/march/jobs/Server2/src/bms/static/bower_components/mapbox/dist ...
watching /Users/march/jobs/Server2/src/bms/static/bower_components/mapbox/dist/images ...
watching /Users/march/jobs/Server2/src/bms/static/bower_components/plupload ...
watching /Users/march/jobs/Server2/src/bms/static/bower_components/plupload/examples ...
watching /Users/march/jobs/Server2/src/bms/static/bower_components/plupload/examples/jquery ...
watching /Users/march/jobs/Server2/src/bms/static/bower_components/plupload/js ...
watching /Users/march/jobs/Server2/src/bms/static/bower_components/plupload/js/i18n ...
watching /Users/march/jobs/Server2/src/bms/static/bower_components/plupload/js/jquery.plupload.queue ...
watching /Users/march/jobs/Server2/src/bms/static/bower_components/plupload/js/jquery.plupload.queue/css ...
watching /Users/march/jobs/Server2/src/bms/static/bower_components/plupload/js/jquery.plupload.queue/img ...
watching /Users/march/jobs/Server2/src/bms/static/bower_components/plupload/js/jquery.ui.plupload ...
watching /Users/march/jobs/Server2/src/bms/static/bower_components/plupload/js/jquery.ui.plupload/css ...
watching /Users/march/jobs/Server2/src/bms/static/bower_components/plupload/js/jquery.ui.plupload/img ...
watching /Users/march/jobs/Server2/src/bms/static/bower_components/requirejs ...
watching /Users/march/jobs/Server2/src/bms/static/bower_components/requirejs-domready ...
watching /Users/march/jobs/Server2/src/bms/static/bower_components/requirejs-plugins ...
watching /Users/march/jobs/Server2/src/bms/static/bower_components/requirejs-plugins/lib ...
watching /Users/march/jobs/Server2/src/bms/static/bower_components/requirejs-plugins/src ...
watching /Users/march/jobs/Server2/src/bms/static/bower_components/screenfull ...
watching /Users/march/jobs/Server2/src/bms/static/bower_components/screenfull/dist ...
watching /Users/march/jobs/Server2/src/bms/static/css ...
watching /Users/march/jobs/Server2/src/bms/static/css/poster ...
watching /Users/march/jobs/Server2/src/bms/static/css/slide ...
watching /Users/march/jobs/Server2/src/bms/static/css/slide/.sass-cache ...
watching /Users/march/jobs/Server2/src/bms/static/css/slide/.sass-cache/120e7f19478df87d757ad54dd773e4716f26e513 ...
watching /Users/march/jobs/Server2/src/bms/static/css/slide/.sass-cache/4c66a810c30ed5ddcfbb29af2625a156796016ca ...
watching /Users/march/jobs/Server2/src/bms/static/css/slide/.sass-cache/c3d78e6e58e1f792879f92139243f6796662b721 ...
watching /Users/march/jobs/Server2/src/bms/static/css/slide/.sass-cache/e13b9504283592d3065aeae86082fc34a0fa2955 ...
watching /Users/march/jobs/Server2/src/bms/static/css/slide/bootstrap ...
watching /Users/march/jobs/Server2/src/bms/static/fonts ...
watching /Users/march/jobs/Server2/src/bms/static/images ...
watching /Users/march/jobs/Server2/src/bms/static/images/aiysea ...
watching /Users/march/jobs/Server2/src/bms/static/images/poster ...
watching /Users/march/jobs/Server2/src/bms/static/img ...
watching /Users/march/jobs/Server2/src/bms/static/js ...
watching /Users/march/jobs/Server2/src/bms/static/js/order ...
watching /Users/march/jobs/Server2/src/bms/static/js/slide ...
watching /Users/march/jobs/Server2/src/bms/static/segments ...
watching /Users/march/jobs/Server2/src/bms/static/segments/aiysea ...
watching /Users/march/jobs/Server2/src/bms/static/segments/aiysea/index ...
watching /Users/march/jobs/Server2/src/bms/static/segments/doc ...
watching /Users/march/jobs/Server2/src/bms/static/segments/entry ...
watching /Users/march/jobs/Server2/src/bms/static/segments/index ...
watching /Users/march/jobs/Server2/src/bms/static/segments/map ...
watching /Users/march/jobs/Server2/src/bms/static/segments/map/item ...
watching /Users/march/jobs/Server2/src/bms/static/segments/ole ...
watching /Users/march/jobs/Server2/src/bms/static/segments/order ...
watching /Users/march/jobs/Server2/src/bms/static/segments/order/tips ...
watching /Users/march/jobs/Server2/src/bms/static/segments/pricing ...
watching /Users/march/jobs/Server2/src/bms/static/segments/profile ...
watching /Users/march/jobs/Server2/src/bms/static/segments/resort ...
watching /Users/march/jobs/Server2/src/bms/static/segments/resource ...
watching /Users/march/jobs/Server2/src/bms/static/segments/resource/cutimage ...
watching /Users/march/jobs/Server2/src/bms/static/segments/slide ...
watching /Users/march/jobs/Server2/src/bms/static/segments/trash ...
watching /Users/march/jobs/Server2/src/bms/static/uploadfile ...
watching /Users/march/jobs/Server2/src/bms/tests ...
watching /Users/march/jobs/Server2/src/bms/tests/pricing ...
watching /Users/march/jobs/Server2/src/bms/views ...
watching /Users/march/jobs/Server2/src/bms/views/aiysea ...
watching /Users/march/jobs/Server2/src/bms/views/desktop ...
watching /Users/march/jobs/Server2/src/bms/views/develop ...
watching /Users/march/jobs/Server2/src/bms/views/document ...
watching /Users/march/jobs/Server2/src/bms/views/eventguest ...
watching /Users/march/jobs/Server2/src/bms/views/map ...
watching /Users/march/jobs/Server2/src/bms/views/message ...
watching /Users/march/jobs/Server2/src/bms/views/order ...
watching /Users/march/jobs/Server2/src/bms/views/order/layout ...
watching /Users/march/jobs/Server2/src/bms/views/poster ...
watching /Users/march/jobs/Server2/src/bms/views/resorts ...
watching /Users/march/jobs/Server2/src/bms/views/resource ...
watching /Users/march/jobs/Server2/src/bms/views/slideshow ...
watching /Users/march/jobs/Server2/src/aiysea/static/css ...
watching /Users/march/jobs/Server2/src/aiysea/static/ieindex ...
watching /Users/march/jobs/Server2/src/aiysea/static/images ...
watching /Users/march/jobs/Server2/src/aiysea/static/js ...
watching /Users/march/jobs/Server2/src/aiysea/static/js/settings ...
watching /Users/march/jobs/Server2/src/aiysea/static/json ...
watching /Users/march/jobs/Server2/src/aiysea/static/sass ...
watching /Users/march/jobs/Server2/src/aiysea/static/sass/components ...
watching /Users/march/jobs/Server2/src/aiysea/static/sass/components/_components ...
watching /Users/march/jobs/Server2/src/aiysea/static/sass/components/_values ...
watching /Users/march/jobs/Server2/src/aiysea/static/sass/partials ...
watching /Users/march/jobs/Server2/src/aiysea/static/sass/partials/layout ...
watching /Users/march/jobs/Server2/src/aiysea/static/segments ...
watching /Users/march/jobs/Server2/src/aiysea/static/segments/doc ...
watching /Users/march/jobs/Server2/src/aiysea/static/segments/index ...
watching /Users/march/jobs/Server2/src/aiysea/static/segments/layout ...
watching /Users/march/jobs/Server2/src/aiysea/static/segments/resort ...
watching /Users/march/jobs/Server2/src/aiysea/static/segments/resort/toptitle ...
watching /Users/march/jobs/Server2/src/aiysea/static/segments/settings ...
watching /Users/march/jobs/Server2/src/aiysea/static/segments/settings/layout ...
watching /Users/march/jobs/Server2/src/aiysea/static/segments/settings/order ...
watching /Users/march/jobs/Server2/src/aiysea/static/segments/settings/order/tips ...
watching /Users/march/jobs/Server2/src/aiysea/static/tratao_webcomponents ...
watching /Users/march/jobs/Server2/src/aiysea/static/tratao_webcomponents/css ...
watching /Users/march/jobs/Server2/src/aiysea/static/tratao_webcomponents/css/backtotop ...
watching /Users/march/jobs/Server2/src/aiysea/static/tratao_webcomponents/css/idinput ...
watching /Users/march/jobs/Server2/src/aiysea/static/tratao_webcomponents/css/select ...
watching /Users/march/jobs/Server2/src/aiysea/static/tratao_webcomponents/src ...
watching /Users/march/jobs/Server2/src/aiysea/static/tratao_webcomponents/src/backtotop ...
watching /Users/march/jobs/Server2/src/aiysea/static/tratao_webcomponents/src/dateselect ...
watching /Users/march/jobs/Server2/src/aiysea/static/tratao_webcomponents/src/idinput ...
watching /Users/march/jobs/Server2/src/aiysea/static/tratao_webcomponents/src/jquerydatepicker ...
watching /Users/march/jobs/Server2/src/aiysea/static/tratao_webcomponents/src/picture ...
watching /Users/march/jobs/Server2/src/aiysea/static/tratao_webcomponents/src/provincepicker ...
watching /Users/march/jobs/Server2/src/aiysea/static/tratao_webcomponents/template ...
watching /Users/march/jobs/Server2/src/aiysea/static/tratao_webcomponents/template/backtotop ...
watching /Users/march/jobs/Server2/src/aiysea/static/tratao_webcomponents/template/dateselect ...
watching /Users/march/jobs/Server2/src/aiysea/static/tratao_webcomponents/template/idinput ...
watching /Users/march/jobs/Server2/src/aiysea/static/tratao_webcomponents/template/provincepicker ...
